-------------------------------------------------------------------------------
Test set: com.mycompany.personaltech.AvaliacaoTest
-------------------------------------------------------------------------------
<<<<<<< HEAD
Tests run: 5, Failures: 0, Errors: 0, Skipped: 0, Time elapsed: 16.767 sec
=======
<<<<<<< HEAD
Tests run: 5, Failures: 0, Errors: 0, Skipped: 0, Time elapsed: 8.824 sec
=======
Tests run: 5, Failures: 0, Errors: 0, Skipped: 0, Time elapsed: 20.558 sec
>>>>>>> master
>>>>>>> dev_victor
