-------------------------------------------------------------------------------
Test set: com.mycompany.personaltech.ExercicioTest
-------------------------------------------------------------------------------
<<<<<<< HEAD
Tests run: 4, Failures: 0, Errors: 0, Skipped: 0, Time elapsed: 15.881 sec
=======
<<<<<<< HEAD
Tests run: 4, Failures: 0, Errors: 0, Skipped: 0, Time elapsed: 8.99 sec
=======
Tests run: 4, Failures: 0, Errors: 0, Skipped: 0, Time elapsed: 18.542 sec
>>>>>>> master
>>>>>>> dev_victor
